<?xml version="1.0" encoding="UTF-8"?>
<!-- Generated by org.testng.reporters.JUnitReportReporter -->
<testsuite hostname="DESKTOP-Q1B2PFE" failures="0" tests="1" name="DemoMavenProject.Run.FirstTest" time="0.006" errors="0" timestamp="08 Feb 2019 20:33:17 GMT" skipped="0">
  <testcase classname="DemoMavenProject.Run.FirstTest" name="f" time="0.006"/>
</testsuite> <!-- DemoMavenProject.Run.FirstTest -->
