<?xml version="1.0" encoding="UTF-8"?>
<!-- Generated by org.testng.reporters.JUnitReportReporter -->
<testsuite hostname="DESKTOP-Q1B2PFE" failures="0" tests="1" name="DemoMavenProject.Run.menuAutomation" time="78.175" errors="0" timestamp="12 Feb 2019 18:45:14 GMT" skipped="0">
  <testcase classname="DemoMavenProject.Run.menuAutomation" name="f" time="78.175"/>
</testsuite> <!-- DemoMavenProject.Run.menuAutomation -->
